doc: {"esc":"\"\\\b\t\n\f\r\u0001","zero":0,"neg":-7,"min":-9223372036854775808,"max":9223372036854775807,"ok":true,"nil":null,"xs":[1,-2,3],"nested":{"k":"v"}}
rt-exact: ok
rt-len: ok
rt-idempotent: ok
st-count: ok
st-order: ok
st-esc: ok
st-zero: ok
st-neg: ok
st-min: ok
st-max: ok
st-bool: ok
st-null: ok
st-xs: ok
st-nested: ok
dec-slash: ok
dec-escapes: ok
dec-surrogate: ok
dec-esc-ctrl: ok
rt-utf8: ok
err-token-literal: ok
err-token-key: ok
err-token-comma: ok
err-end-object: ok
err-end-array: ok
err-end-string: ok
err-esc-unknown: ok
err-esc-bad-hex: ok
err-esc-surrogate: ok
err-num-leadzero: ok
err-num-lonedash: ok
err-num-fraction: ok
err-num-exponent: ok
err-num-overflow: ok
err-trail-array: ok
err-trail-scalar: ok
err-ctrl-tab: ok
err-ctrl-lf: ok
err-ctrl-nul: ok
=== DONE ===
