fp-fresh-null: ok
fp-old: ok
gop-found: ok
gop-mut: ok
gop-new: ok
gop-new-set: ok
gopv-exist: ok
gopv-new: ok
fr-hit: ok
fr-miss: ok
etc-cap>=20: ok
etc-noresize: ok
etc-min-cap: ok
etc-grow: ok
etc-maxload: ok
euc-tombstones: ok
clr-len: ok
clr-reuse: ok
clone-empty: ok
clone-vals: ok
clone-indep: ok
remove: ok
reverse-removes: ok
multi-rm-gone: ok
multi-rm-reinsert: ok
put-overwrite: ok
pac-sum: ok
pac-overwrite: ok
gop-accum: ok
rehash: ok
iter: ok
g1-cap8: ok
g1-chain-built: ok
g1-tail-after-tomb: ok
g1-head-mid-gone: ok
g1-reinsert-no-dup: ok
g1-reinsert2: ok
g3-iter-skips-tombstones: ok
g4-reserved: ok
g4-all-retrievable: ok
g5-src: ok
g5-clone-live-across-tomb: ok
g5-clone-removed-rejected: ok
g5-clone-indep: ok
g6-grow-clone-orig-unchanged: ok
g6-grow-clone-has-new: ok
g6-grow-orig-clone-unchanged: ok
g8-reset: ok
g9-remove-during-iter-safe: ok
g11-old-returned: ok
g14-empty-iter: ok
g15-clear-pristine: ok
g15-deinit-pristine: ok
g16-get_ptr-null-miss: ok
