fp-fresh: ok
fp-old: ok
gop-found: ok
gop-mut: ok
gop-new-index: ok
gop-new: ok
fsr: ok
fsr-miss: ok
fsr-order: ok
fr: ok
fr-order: ok
etc-cap>=20: ok
etc-noresize: ok
etc-order: ok
iter-order: ok
iter-lookup: ok
pop: ok
clone: ok
clone-indep: ok
big-get: ok
big-overwrite: ok
g7-swap-last: ok
g7-swap-mid: ok
g7-swap-only: ok
g7-remove-head: ok
g7-remove-tail: ok
g7-emptied: ok
g7-readd: ok
g8-reset: ok
g10-fresh: ok
g10-keep: ok
g10-order: ok
g12-pop-survivors-resolve: ok
g13-reinsert-tail: ok
g14-empty-iter: ok
g16-get_ptr-null-miss: ok
